
1656774610.4375145:
array size Odd-Even Sort time     Heap Sort time
        50           0.000000           0.000999
       100           0.002000           0.001000
       150           0.003999           0.000000
       200           0.005999           0.002000
       250           0.011001           0.002000
       300           0.015999           0.002001
       350           0.021000           0.001999
       400           0.029038           0.002997
       450           0.035965           0.004002
       500           0.049998           0.004000
       550           0.053046           0.003955
       600           0.065038           0.003962
       650           0.074001           0.006000
       700           0.182106           0.004998
       750           0.102965           0.006035
       800           0.129980           0.016991
       850           0.134033           0.007986
       900           0.173014           0.007008
       950           0.188000           0.007978
      1000           0.225009           0.007967

1656775457.7898412:
array size Odd-Even Sort time     Heap Sort time
       500           0.042023           0.002999
      1000           0.219953           0.010000
      1500           0.403022           0.014029
      2000           0.752650           0.021998
      2500           1.218748           0.023000
      3000           1.813655           0.029023
      3500           2.417831           0.035006
      4000           3.148572           0.039956
      4500           4.274752           0.097003
      5000           5.035245           0.066058
      5500           6.169616           0.059950
      6000           7.296499           0.068033
      6500           8.691040           0.074001
      7000          10.446658           0.079000
      7500          10.939018           0.080000
      8000          13.759205           0.099196
      8500          14.425032           0.093180
      9000          15.689827           0.100482
      9500          19.025387           0.113024
     10000          19.932574           0.135058
